<?xml version="1.0" encoding="UTF-8"?>
<!-- Generated by org.testng.reporters.JUnitXMLReporter -->
<testsuite hostname="DESKTOP-9IRKEUO" ignored="0" name="Command line test" tests="6" failures="0" timestamp="2022-05-26T20:45:38 IST" time="0.141" errors="0">
  <testcase name="deleteTwitter" time="0.008" classname="farukhpinjaripractice.API_Test"/>
  <testcase name="postJira" time="0.0" classname="farukhpinjaripractice.API_Test"/>
  <testcase name="IOSApp" time="0.001" classname="farukhpinjaripractice.AppiumTest"/>
  <testcase name="nativeApp" time="0.001" classname="farukhpinjaripractice.AppiumTest"/>
  <testcase name="browserAutomation" time="0.0" classname="farukhpinjaripractice.SeleniumTest"/>
  <testcase name="elementsUI" time="0.001" classname="farukhpinjaripractice.SeleniumTest"/>
</testsuite> <!-- Command line test -->
