<?xml version="1.0" encoding="UTF-8"?>
<testng-results skipped="0" failed="0" ignored="0" total="6" passed="6">
  <reporter-output>
  </reporter-output>
  <suite name="Command line suite" duration-ms="141" started-at="2022-05-26T20:45:38 IST" finished-at="2022-05-26T20:45:38 IST">
    <groups>
    </groups>
    <test name="Command line test" duration-ms="141" started-at="2022-05-26T20:45:38 IST" finished-at="2022-05-26T20:45:38 IST">
      <class name="farukhpinjaripractice.SeleniumTest">
        <test-method status="PASS" signature="browserAutomation()[pri:0, instance:farukhpinjaripractice.SeleniumTest@436a4e4b]" name="browserAutomation" duration-ms="0" started-at="2022-05-26T20:45:38 IST" finished-at="2022-05-26T20:45:38 IST">
          <reporter-output>
          </reporter-output>
        </test-method> <!-- browserAutomation -->
        <test-method status="PASS" signature="elementsUI()[pri:0, instance:farukhpinjaripractice.SeleniumTest@436a4e4b]" name="elementsUI" duration-ms="1" started-at="2022-05-26T20:45:38 IST" finished-at="2022-05-26T20:45:38 IST">
          <reporter-output>
          </reporter-output>
        </test-method> <!-- elementsUI -->
      </class> <!-- farukhpinjaripractice.SeleniumTest -->
      <class name="farukhpinjaripractice.API_Test">
        <test-method status="PASS" signature="deleteTwitter()[pri:0, instance:farukhpinjaripractice.API_Test@3b2da18f]" name="deleteTwitter" duration-ms="8" started-at="2022-05-26T20:45:38 IST" finished-at="2022-05-26T20:45:38 IST">
          <reporter-output>
          </reporter-output>
        </test-method> <!-- deleteTwitter -->
        <test-method status="PASS" signature="postJira()[pri:0, instance:farukhpinjaripractice.API_Test@3b2da18f]" name="postJira" duration-ms="0" started-at="2022-05-26T20:45:38 IST" finished-at="2022-05-26T20:45:38 IST">
          <reporter-output>
          </reporter-output>
        </test-method> <!-- postJira -->
      </class> <!-- farukhpinjaripractice.API_Test -->
      <class name="farukhpinjaripractice.AppiumTest">
        <test-method status="PASS" signature="IOSApp()[pri:0, instance:farukhpinjaripractice.AppiumTest@657c8ad9]" name="IOSApp" duration-ms="1" started-at="2022-05-26T20:45:38 IST" finished-at="2022-05-26T20:45:38 IST">
          <reporter-output>
          </reporter-output>
        </test-method> <!-- IOSApp -->
        <test-method status="PASS" signature="nativeApp()[pri:0, instance:farukhpinjaripractice.AppiumTest@657c8ad9]" name="nativeApp" duration-ms="1" started-at="2022-05-26T20:45:38 IST" finished-at="2022-05-26T20:45:38 IST">
          <reporter-output>
          </reporter-output>
        </test-method> <!-- nativeApp -->
      </class> <!-- farukhpinjaripractice.AppiumTest -->
    </test> <!-- Command line test -->
  </suite> <!-- Command line suite -->
</testng-results>
