<?xml version="1.0" encoding="UTF-8"?>
<testng-results skipped="0" failed="0" ignored="0" total="6" passed="6">
  <reporter-output>
  </reporter-output>
  <suite name="Suite" duration-ms="284" started-at="2022-05-15T21:10:01 IST" finished-at="2022-05-15T21:10:02 IST">
    <groups>
    </groups>
    <test name="Test" duration-ms="284" started-at="2022-05-15T21:10:01 IST" finished-at="2022-05-15T21:10:02 IST">
      <class name="farukhpinjaripractice.SeleniumTest">
        <test-method status="PASS" signature="browserAutomation()[pri:0, instance:farukhpinjaripractice.SeleniumTest@16f7c8c1]" name="browserAutomation" duration-ms="2" started-at="2022-05-15T21:10:02 IST" finished-at="2022-05-15T21:10:02 IST">
          <reporter-output>
          </reporter-output>
        </test-method> <!-- browserAutomation -->
        <test-method status="PASS" signature="elementsUI()[pri:0, instance:farukhpinjaripractice.SeleniumTest@16f7c8c1]" name="elementsUI" duration-ms="1" started-at="2022-05-15T21:10:02 IST" finished-at="2022-05-15T21:10:02 IST">
          <reporter-output>
          </reporter-output>
        </test-method> <!-- elementsUI -->
      </class> <!-- farukhpinjaripractice.SeleniumTest -->
      <class name="farukhpinjaripractice.API_Test">
        <test-method status="PASS" signature="deleteTwitter()[pri:0, instance:farukhpinjaripractice.API_Test@710726a3]" name="deleteTwitter" duration-ms="22" started-at="2022-05-15T21:10:02 IST" finished-at="2022-05-15T21:10:02 IST">
          <reporter-output>
          </reporter-output>
        </test-method> <!-- deleteTwitter -->
        <test-method status="PASS" signature="postJira()[pri:0, instance:farukhpinjaripractice.API_Test@710726a3]" name="postJira" duration-ms="5" started-at="2022-05-15T21:10:02 IST" finished-at="2022-05-15T21:10:02 IST">
          <reporter-output>
          </reporter-output>
        </test-method> <!-- postJira -->
      </class> <!-- farukhpinjaripractice.API_Test -->
      <class name="farukhpinjaripractice.AppiumTest">
        <test-method status="PASS" signature="IOSApp()[pri:0, instance:farukhpinjaripractice.AppiumTest@24a35978]" name="IOSApp" duration-ms="2" started-at="2022-05-15T21:10:02 IST" finished-at="2022-05-15T21:10:02 IST">
          <reporter-output>
          </reporter-output>
        </test-method> <!-- IOSApp -->
        <test-method status="PASS" signature="nativeApp()[pri:0, instance:farukhpinjaripractice.AppiumTest@24a35978]" name="nativeApp" duration-ms="2" started-at="2022-05-15T21:10:02 IST" finished-at="2022-05-15T21:10:02 IST">
          <reporter-output>
          </reporter-output>
        </test-method> <!-- nativeApp -->
      </class> <!-- farukhpinjaripractice.AppiumTest -->
    </test> <!-- Test -->
  </suite> <!-- Suite -->
</testng-results>
